build/outputs/logs/manifest-merger-debug-report.txt
-- Merging decision tree log ---
manifest
ADDED from filemanager\filemanager\AndroidManifest.xml:22:1-66:12
INJECTED from filemanager\filemanager\AndroidManifest.xml:22:1-66:12
INJECTED from filemanager\filemanager\AndroidManifest.xml:22:1-66:12
INJECTED from filemanager\filemanager\AndroidManifest.xml:22:1-66:12
MERGED from [com.android.support:design:26.1.0] AndroidManifest.xml:17:1-31:12
MERGED from [com.yanzhenjie:permission:1.0.4] AndroidManifest.xml:2:1-10:12
MERGED from [com.yanzhenjie.alertdialog:alertdialog:1.0.0] AndroidManifest.xml:2:1-10:12
MERGED from [com.android.support:appcompat-v7:26.1.0] AndroidManifest.xml:17:1-31:12
MERGED from [com.android.support:transition:26.1.0] AndroidManifest.xml:17:1-28:12
MERGED from [com.android.support:support-v4:26.1.0] AndroidManifest.xml:17:1-31:12
MERGED from [com.android.support.constraint:constraint-layout:1.1.3] AndroidManifest.xml:2:1-11:12
MERGED from [com.github.HanHuoBin:BaseDialog:1.2.0] AndroidManifest.xml:2:1-17:12
MERGED from [com.android.support:support-media-compat:26.1.0] AndroidManifest.xml:17:1-31:12
MERGED from [com.android.support:support-fragment:26.1.0] AndroidManifest.xml:17:1-31:12
MERGED from [com.android.support:support-core-utils:26.1.0] AndroidManifest.xml:17:1-31:12
MERGED from [com.android.support:animated-vector-drawable:26.1.0] AndroidManifest.xml:17:1-28:12
MERGED from [com.android.support:recyclerview-v7:26.1.0] AndroidManifest.xml:17:1-28:12
MERGED from [com.android.support:support-core-ui:26.1.0] AndroidManifest.xml:17:1-31:12
MERGED from [com.android.support:support-vector-drawable:26.1.0] AndroidManifest.xml:17:1-28:12
MERGED from [com.android.support:support-compat:26.1.0] AndroidManifest.xml:17:1-31:12
MERGED from [android.arch.lifecycle:runtime:1.0.0] AndroidManifest.xml:17:1-30:12
INJECTED from filemanager\filemanager\AndroidManifest.xml:22:1-66:12
INJECTED from filemanager\filemanager\AndroidManifest.xml:22:1-66:12
INJECTED from filemanager\filemanager\AndroidManifest.xml:22:1-66:12
	package
		ADDED from filemanager\filemanager\AndroidManifest.xml:23:5-43
		INJECTED from filemanager\filemanager\AndroidManifest.xml
		INJECTED from filemanager\filemanager\AndroidManifest.xml
	android:versionName
		ADDED from filemanager\filemanager\AndroidManifest.xml:25:5-30
		INJECTED from filemanager\filemanager\AndroidManifest.xml
		INJECTED from filemanager\filemanager\AndroidManifest.xml
	xmlns:android
		ADDED from filemanager\filemanager\AndroidManifest.xml:22:11-69
	android:versionCode
		ADDED from filemanager\filemanager\AndroidManifest.xml:24:5-28
		INJECTED from filemanager\filemanager\AndroidManifest.xml
		INJECTED from filemanager\filemanager\AndroidManifest.xml
uses-sdk
ADDED from filemanager\filemanager\AndroidManifest.xml:27:5-29:41
INJECTED from filemanager\filemanager\AndroidManifest.xml:27:5-29:41
INJECTED from filemanager\filemanager\AndroidManifest.xml:27:5-29:41
MERGED from [com.android.support:design:26.1.0] AndroidManifest.xml:21:5-23:62
MERGED from [com.android.support:design:26.1.0] AndroidManifest.xml:21:5-23:62
MERGED from [com.yanzhenjie:permission:1.0.4] AndroidManifest.xml:6:5-8:41
MERGED from [com.yanzhenjie:permission:1.0.4] AndroidManifest.xml:6:5-8:41
MERGED from [com.yanzhenjie.alertdialog:alertdialog:1.0.0] AndroidManifest.xml:6:5-8:41
MERGED from [com.yanzhenjie.alertdialog:alertdialog:1.0.0] AndroidManifest.xml:6:5-8:41
MERGED from [com.android.support:appcompat-v7:26.1.0] AndroidManifest.xml:21:5-23:78
MERGED from [com.android.support:appcompat-v7:26.1.0] AndroidManifest.xml:21:5-23:78
MERGED from [com.android.support:transition:26.1.0] AndroidManifest.xml:20:5-44
MERGED from [com.android.support:transition:26.1.0] AndroidManifest.xml:20:5-44
MERGED from [com.android.support:support-v4:26.1.0] AndroidManifest.xml:21:5-23:54
MERGED from [com.android.support:support-v4:26.1.0] AndroidManifest.xml:21:5-23:54
MERGED from [com.android.support.constraint:constraint-layout:1.1.3] AndroidManifest.xml:5:5-7:41
MERGED from [com.android.support.constraint:constraint-layout:1.1.3] AndroidManifest.xml:5:5-7:41
MERGED from [com.github.HanHuoBin:BaseDialog:1.2.0] AndroidManifest.xml:7:5-9:41
MERGED from [com.github.HanHuoBin:BaseDialog:1.2.0] AndroidManifest.xml:7:5-9:41
MERGED from [com.android.support:support-media-compat:26.1.0] AndroidManifest.xml:21:5-23:63
MERGED from [com.android.support:support-media-compat:26.1.0] AndroidManifest.xml:21:5-23:63
MERGED from [com.android.support:support-fragment:26.1.0] AndroidManifest.xml:21:5-23:60
MERGED from [com.android.support:support-fragment:26.1.0] AndroidManifest.xml:21:5-23:60
MERGED from [com.android.support:support-core-utils:26.1.0] AndroidManifest.xml:21:5-23:61
MERGED from [com.android.support:support-core-utils:26.1.0] AndroidManifest.xml:21:5-23:61
MERGED from [com.android.support:animated-vector-drawable:26.1.0] AndroidManifest.xml:20:5-44
MERGED from [com.android.support:animated-vector-drawable:26.1.0] AndroidManifest.xml:20:5-44
MERGED from [com.android.support:recyclerview-v7:26.1.0] AndroidManifest.xml:20:5-44
MERGED from [com.android.support:recyclerview-v7:26.1.0] AndroidManifest.xml:20:5-44
MERGED from [com.android.support:support-core-ui:26.1.0] AndroidManifest.xml:21:5-23:58
MERGED from [com.android.support:support-core-ui:26.1.0] AndroidManifest.xml:21:5-23:58
MERGED from [com.android.support:support-vector-drawable:26.1.0] AndroidManifest.xml:20:5-44
MERGED from [com.android.support:support-vector-drawable:26.1.0] AndroidManifest.xml:20:5-44
MERGED from [com.android.support:support-compat:26.1.0] AndroidManifest.xml:21:5-23:58
MERGED from [com.android.support:support-compat:26.1.0] AndroidManifest.xml:21:5-23:58
MERGED from [android.arch.lifecycle:runtime:1.0.0] AndroidManifest.xml:20:5-22:41
MERGED from [android.arch.lifecycle:runtime:1.0.0] AndroidManifest.xml:20:5-22:41
INJECTED from filemanager\filemanager\AndroidManifest.xml:27:5-29:41
INJECTED from filemanager\filemanager\AndroidManifest.xml:27:5-29:41
	tools:overrideLibrary
		ADDED from [com.android.support:design:26.1.0] AndroidManifest.xml:23:9-59
	android:targetSdkVersion
		ADDED from filemanager\filemanager\AndroidManifest.xml:29:9-38
		INJECTED from filemanager\filemanager\AndroidManifest.xml
		INJECTED from filemanager\filemanager\AndroidManifest.xml
	android:minSdkVersion
		ADDED from filemanager\filemanager\AndroidManifest.xml:28:9-35
		INJECTED from filemanager\filemanager\AndroidManifest.xml
		INJECTED from filemanager\filemanager\AndroidManifest.xml
uses-permission#android.permission.READ_EXTERNAL_STORAGE
ADDED from filemanager\filemanager\AndroidManifest.xml:31:5-80
	android:name
		ADDED from filemanager\filemanager\AndroidManifest.xml:31:22-77
uses-permission#android.permission.WRITE_EXTERNAL_STORAGE
ADDED from filemanager\filemanager\AndroidManifest.xml:32:5-81
	android:name
		ADDED from filemanager\filemanager\AndroidManifest.xml:32:22-78
uses-permission#com.android.launcher.permission.INSTALL_SHORTCUT
ADDED from filemanager\filemanager\AndroidManifest.xml:33:5-88
	android:name
		ADDED from filemanager\filemanager\AndroidManifest.xml:33:22-85
uses-permission#android.permission.INTERNET
ADDED from filemanager\filemanager\AndroidManifest.xml:34:5-67
	android:name
		ADDED from filemanager\filemanager\AndroidManifest.xml:34:22-64
uses-permission#android.permission.ACCESS_NETWORK_STATE
ADDED from filemanager\filemanager\AndroidManifest.xml:35:5-79
	android:name
		ADDED from filemanager\filemanager\AndroidManifest.xml:35:22-76
uses-permission#android.permission.NFC
ADDED from filemanager\filemanager\AndroidManifest.xml:36:5-62
	android:name
		ADDED from filemanager\filemanager\AndroidManifest.xml:36:22-59
application
ADDED from filemanager\filemanager\AndroidManifest.xml:38:5-64:19
MERGED from [com.android.support:design:26.1.0] AndroidManifest.xml:25:5-29:19
MERGED from [com.android.support:design:26.1.0] AndroidManifest.xml:25:5-29:19
MERGED from [com.android.support:appcompat-v7:26.1.0] AndroidManifest.xml:25:5-29:19
MERGED from [com.android.support:appcompat-v7:26.1.0] AndroidManifest.xml:25:5-29:19
MERGED from [com.android.support:transition:26.1.0] AndroidManifest.xml:22:5-26:19
MERGED from [com.android.support:transition:26.1.0] AndroidManifest.xml:22:5-26:19
MERGED from [com.android.support:support-v4:26.1.0] AndroidManifest.xml:25:5-29:19
MERGED from [com.android.support:support-v4:26.1.0] AndroidManifest.xml:25:5-29:19
MERGED from [com.android.support.constraint:constraint-layout:1.1.3] AndroidManifest.xml:9:5-20
MERGED from [com.android.support.constraint:constraint-layout:1.1.3] AndroidManifest.xml:9:5-20
MERGED from [com.github.HanHuoBin:BaseDialog:1.2.0] AndroidManifest.xml:11:5-15:19
MERGED from [com.github.HanHuoBin:BaseDialog:1.2.0] AndroidManifest.xml:11:5-15:19
MERGED from [com.android.support:support-media-compat:26.1.0] AndroidManifest.xml:25:5-29:19
MERGED from [com.android.support:support-media-compat:26.1.0] AndroidManifest.xml:25:5-29:19
MERGED from [com.android.support:support-fragment:26.1.0] AndroidManifest.xml:25:5-29:19
MERGED from [com.android.support:support-fragment:26.1.0] AndroidManifest.xml:25:5-29:19
MERGED from [com.android.support:support-core-utils:26.1.0] AndroidManifest.xml:25:5-29:19
MERGED from [com.android.support:support-core-utils:26.1.0] AndroidManifest.xml:25:5-29:19
MERGED from [com.android.support:animated-vector-drawable:26.1.0] AndroidManifest.xml:22:5-26:19
MERGED from [com.android.support:animated-vector-drawable:26.1.0] AndroidManifest.xml:22:5-26:19
MERGED from [com.android.support:recyclerview-v7:26.1.0] AndroidManifest.xml:22:5-26:19
MERGED from [com.android.support:recyclerview-v7:26.1.0] AndroidManifest.xml:22:5-26:19
MERGED from [com.android.support:support-core-ui:26.1.0] AndroidManifest.xml:25:5-29:19
MERGED from [com.android.support:support-core-ui:26.1.0] AndroidManifest.xml:25:5-29:19
MERGED from [com.android.support:support-vector-drawable:26.1.0] AndroidManifest.xml:22:5-26:19
MERGED from [com.android.support:support-vector-drawable:26.1.0] AndroidManifest.xml:22:5-26:19
MERGED from [com.android.support:support-compat:26.1.0] AndroidManifest.xml:25:5-29:19
MERGED from [com.android.support:support-compat:26.1.0] AndroidManifest.xml:25:5-29:19
MERGED from [android.arch.lifecycle:runtime:1.0.0] AndroidManifest.xml:24:5-28:19
MERGED from [android.arch.lifecycle:runtime:1.0.0] AndroidManifest.xml:24:5-28:19
	android:supportsRtl
		ADDED from [com.github.HanHuoBin:BaseDialog:1.2.0] AndroidManifest.xml:14:9-35
	android:label
		ADDED from filemanager\filemanager\AndroidManifest.xml:43:9-41
	android:icon
		ADDED from filemanager\filemanager\AndroidManifest.xml:41:9-45
	android:allowBackup
		ADDED from filemanager\filemanager\AndroidManifest.xml:40:9-35
	android:theme
		ADDED from filemanager\filemanager\AndroidManifest.xml:44:9-40
	android:logo
		ADDED from filemanager\filemanager\AndroidManifest.xml:42:9-45
	android:name
		ADDED from filemanager\filemanager\AndroidManifest.xml:39:9-75
activity#com.michaldabski.filemanager.folders.FolderActivity
ADDED from filemanager\filemanager\AndroidManifest.xml:45:9-54:20
	android:label
		ADDED from filemanager\filemanager\AndroidManifest.xml:48:13-45
	android:theme
		ADDED from filemanager\filemanager\AndroidManifest.xml:47:13-55
	android:name
		ADDED from filemanager\filemanager\AndroidManifest.xml:46:13-79
intent-filter#action:name:android.intent.action.MAIN+category:name:android.intent.category.LAUNCHER
ADDED from filemanager\filemanager\AndroidManifest.xml:49:13-53:29
action#android.intent.action.MAIN
ADDED from filemanager\filemanager\AndroidManifest.xml:50:17-69
	android:name
		ADDED from filemanager\filemanager\AndroidManifest.xml:50:25-66
category#android.intent.category.LAUNCHER
ADDED from filemanager\filemanager\AndroidManifest.xml:52:17-77
	android:name
		ADDED from filemanager\filemanager\AndroidManifest.xml:52:27-74
activity#com.michaldabski.filemanager.about.AboutActivity
ADDED from filemanager\filemanager\AndroidManifest.xml:55:9-63:20
	android:label
		ADDED from filemanager\filemanager\AndroidManifest.xml:57:13-57
	android:logo
		ADDED from filemanager\filemanager\AndroidManifest.xml:58:13-46
	android:name
		ADDED from filemanager\filemanager\AndroidManifest.xml:56:13-76
meta-data#android.support.PARENT_ACTIVITY
ADDED from filemanager\filemanager\AndroidManifest.xml:60:13-62:87
	android:value
		ADDED from filemanager\filemanager\AndroidManifest.xml:62:17-84
	android:name
		ADDED from filemanager\filemanager\AndroidManifest.xml:61:17-63
meta-data#android.support.VERSION
ADDED from [com.android.support:design:26.1.0] AndroidManifest.xml:26:9-28:38
MERGED from [com.android.support:appcompat-v7:26.1.0] AndroidManifest.xml:26:9-28:38
MERGED from [com.android.support:appcompat-v7:26.1.0] AndroidManifest.xml:26:9-28:38
MERGED from [com.android.support:transition:26.1.0] AndroidManifest.xml:23:9-25:38
MERGED from [com.android.support:transition:26.1.0] AndroidManifest.xml:23:9-25:38
MERGED from [com.android.support:support-v4:26.1.0] AndroidManifest.xml:26:9-28:38
MERGED from [com.android.support:support-v4:26.1.0] AndroidManifest.xml:26:9-28:38
MERGED from [com.android.support:support-media-compat:26.1.0] AndroidManifest.xml:26:9-28:38
MERGED from [com.android.support:support-media-compat:26.1.0] AndroidManifest.xml:26:9-28:38
MERGED from [com.android.support:support-fragment:26.1.0] AndroidManifest.xml:26:9-28:38
MERGED from [com.android.support:support-fragment:26.1.0] AndroidManifest.xml:26:9-28:38
MERGED from [com.android.support:support-core-utils:26.1.0] AndroidManifest.xml:26:9-28:38
MERGED from [com.android.support:support-core-utils:26.1.0] AndroidManifest.xml:26:9-28:38
MERGED from [com.android.support:animated-vector-drawable:26.1.0] AndroidManifest.xml:23:9-25:38
MERGED from [com.android.support:animated-vector-drawable:26.1.0] AndroidManifest.xml:23:9-25:38
MERGED from [com.android.support:recyclerview-v7:26.1.0] AndroidManifest.xml:23:9-25:38
MERGED from [com.android.support:recyclerview-v7:26.1.0] AndroidManifest.xml:23:9-25:38
MERGED from [com.android.support:support-core-ui:26.1.0] AndroidManifest.xml:26:9-28:38
MERGED from [com.android.support:support-core-ui:26.1.0] AndroidManifest.xml:26:9-28:38
MERGED from [com.android.support:support-vector-drawable:26.1.0] AndroidManifest.xml:23:9-25:38
MERGED from [com.android.support:support-vector-drawable:26.1.0] AndroidManifest.xml:23:9-25:38
MERGED from [com.android.support:support-compat:26.1.0] AndroidManifest.xml:26:9-28:38
MERGED from [com.android.support:support-compat:26.1.0] AndroidManifest.xml:26:9-28:38
	android:value
		ADDED from [com.android.support:design:26.1.0] AndroidManifest.xml:28:13-35
	android:name
		ADDED from [com.android.support:design:26.1.0] AndroidManifest.xml:27:13-51
meta-data#android.arch.lifecycle.VERSION
ADDED from [android.arch.lifecycle:runtime:1.0.0] AndroidManifest.xml:25:9-27:47
	android:value
		ADDED from [android.arch.lifecycle:runtime:1.0.0] AndroidManifest.xml:27:13-44
	android:name
		ADDED from [android.arch.lifecycle:runtime:1.0.0] AndroidManifest.xml:26:13-58